************************************************************
*** This is Elekta Neuromag MaxFilter(TM) version 2.2.10  ***
*** Compilation date: Oct 11 2010 14:45:43               ***
*** Please report problems to sw-support@neuromag.fi     ***
************************************************************
No processing records found.
SSS origin (device) 0.0, 0.0, 0.0 mm.
Time scale: #f = 41.000 s, #l = 192.000 s  (initial skip #s = 41.000 s)
Applying the fine-calibration in /neuro/databases/sss/sss_cal.dat.
Using the cross-talk matrix in /neuro/databases/ctc/ct_sparse.fif.
Opened FIFF file /imaging/rh01/Methods/DanData/RawFIF/EmptyRoom/090506.fif (151 data buffers).
Started result FIFF file /imaging/rh01/Methods/DanData/RawFIF/EmptyRoom/090506_sss.fif.
Signal Space Separation: Maxwell filtering for Elekta Neuromag data.
Found 325 total and 306 MEG channels.
SSS: 68/80 inside and 12/15 outside harmonic components.
CTC: Channel lists of the (306 x 306) matrix OK.
Scanning bad channels #1/151[5D2/151[5D3/151[5D4/151[5D5/151[5D6/151[5D7/151[5D8/151[5D9/151[5D10/151[6D11/151[6D12/151[6D13/151[6D14/151[6D15/151[6D16/151[6D17/151[6D18/151[6D19/151[6D20/151[6D21/151[6D22/151[6D23/151[6D24/151[6D25/151[6D26/151[6D27/151[6D28/151[6D29/151[6D30/151[6D31/151[6D32/151[6D33/151[6D34/151[6D35/151[6D36/151[6D37/151[6D38/151[6D39/151[6D40/151[6D41/151[6D42/151[6D43/151[6D44/151[6D45/151[6D46/151[6D47/151[6D48/151[6D49/151[6D50/151[6D51/151[6D52/151[6D53/151[6D54/151[6D55/151[6D56/151[6D57/151[6D58/151[6D59/151[6D60/151[6D92/151[6D93/151[6D94/151[6D95/151[6D96/151[6D97/151[6D98/151[6D99/151[6D100/151[7D101/151[7D102/151[7D103/151[7D104/151[7D105/151[7D106/151[7D107/151[7D108/151[7D109/151[7D110/151[7D111/151[7D112/151[7D113/151[7D114/151[7D115/151[7D116/151[7D117/151[7D118/151[7D119/151[7D120/151[7D121/151[7D122/151[7D123/151[7D124/151[7D125/151[7D126/151[7D127/151[7D128/151[7D129/151[7D130/151[7D131/151[7D132/151[7D133/151[7D134/151[7D135/151[7D136/151[7D137/151[7D138/151[7D139/151[7D140/151[7D141/151[7D142/151[7D143/151[7D144/151[7D145/151[7D146/151[7D147/151[7D148/151[7D149/151[7D150/151[7D151/151
Autobad scan found 2 bad channels.
Static bad channels (2): 1031 1111
--- Reading raw tag #b = 1/151 (#t = 41.000) ---
--- Reading raw tag #b = 2/151 (#t = 42.000) ---
--- Reading raw tag #b = 3/151 (#t = 43.000) ---
Static bad channels (2): 1031 1111
Processed raw data buffer with 1000 samples.

--- Reading raw tag #b = 4/151 (#t = 44.000) ---
Static bad channels (2): 1031 1111
Processed raw data buffer with 1000 samples.

--- Reading raw tag #b = 5/151 (#t = 45.000) ---
Static bad channels (2): 1031 1111
Processed raw data buffer with 1000 samples.

--- Reading raw tag #b = 6/151 (#t = 46.000) ---
Static bad channels (2): 1031 1111
Processed raw data buffer with 1000 samples.

--- Reading raw tag #b = 7/151 (#t = 47.000) ---
Static bad channels (2): 1031 1111
Processed raw data buffer with 1000 samples.

--- Reading raw tag #b = 8/151 (#t = 48.000) ---
Static bad channels (2): 1031 1111
Processed raw data buffer with 1000 samples.

--- Reading raw tag #b = 9/151 (#t = 49.000) ---
Static bad channels (2): 1031 1111
Processed raw data buffer with 1000 samples.

--- Reading raw tag #b = 10/151 (#t = 50.000) ---
Static bad channels (2): 1031 1111
Processed raw data buffer with 1000 samples.

--- Reading raw tag #b = 11/151 (#t = 51.000) ---
Static bad channels (2): 1031 1111
Processed raw data buffer with 1000 samples.

--- Reading raw tag #b = 12/151 (#t = 52.000) ---
Static bad channels (2): 1031 1111
Processed raw data buffer with 1000 samples.

--- Reading raw tag #b = 13/151 (#t = 53.000) ---
Static bad channels (2): 1031 1111
Processed raw data buffer with 1000 samples.

--- Reading raw tag #b = 14/151 (#t = 54.000) ---
Static bad channels (2): 1031 1111
Processed raw data buffer with 1000 samples.

--- Reading raw tag #b = 15/151 (#t = 55.000) ---
Static bad channels (2): 1031 1111
Processed raw data buffer with 1000 samples.

--- Reading raw tag #b = 16/151 (#t = 56.000) ---
Static bad channels (2): 1031 1111
Processed raw data buffer with 1000 samples.

--- Reading raw tag #b = 17/151 (#t = 57.000) ---
Static bad channels (2): 1031 1111
Processed raw data buffer with 1000 samples.

--- Reading raw tag #b = 18/151 (#t = 58.000) ---
Static bad channels (2): 1031 1111
Processed raw data buffer with 1000 samples.

--- Reading raw tag #b = 19/151 (#t = 59.000) ---
Static bad channels (2): 1031 1111
Processed raw data buffer with 1000 samples.

--- Reading raw tag #b = 20/151 (#t = 60.000) ---
Static bad channels (2): 1031 1111
Processed raw data buffer with 1000 samples.

--- Reading raw tag #b = 21/151 (#t = 61.000) ---
Static bad channels (2): 1031 1111
Processed raw data buffer with 1000 samples.

--- Reading raw tag #b = 22/151 (#t = 62.000) ---
Static bad channels (2): 1031 1111
Processed raw data buffer with 1000 samples.

--- Reading raw tag #b = 23/151 (#t = 63.000) ---
Static bad channels (2): 1031 1111
Processed raw data buffer with 1000 samples.

--- Reading raw tag #b = 24/151 (#t = 64.000) ---
Static bad channels (2): 1031 1111
Processed raw data buffer with 1000 samples.

--- Reading raw tag #b = 25/151 (#t = 65.000) ---
Static bad channels (2): 1031 1111
Processed raw data buffer with 1000 samples.

--- Reading raw tag #b = 26/151 (#t = 66.000) ---
Static bad channels (2): 1031 1111
Processed raw data buffer with 1000 samples.

--- Reading raw tag #b = 27/151 (#t = 67.000) ---
Static bad channels (2): 1031 1111
Processed raw data buffer with 1000 samples.

--- Reading raw tag #b = 28/151 (#t = 68.000) ---
Static bad channels (2): 1031 1111
Processed raw data buffer with 1000 samples.

--- Reading raw tag #b = 29/151 (#t = 69.000) ---
Static bad channels (2): 1031 1111
Processed raw data buffer with 1000 samples.

--- Reading raw tag #b = 30/151 (#t = 70.000) ---
Static bad channels (2): 1031 1111
Processed raw data buffer with 1000 samples.

--- Reading raw tag #b = 31/151 (#t = 71.000) ---
Static bad channels (2): 1031 1111
Processed raw data buffer with 1000 samples.

--- Reading raw tag #b = 32/151 (#t = 72.000) ---
Static bad channels (2): 1031 1111
Processed raw data buffer with 1000 samples.

--- Reading raw tag #b = 33/151 (#t = 73.000) ---
Static bad channels (2): 1031 1111
Processed raw data buffer with 1000 samples.

--- Reading raw tag #b = 34/151 (#t = 74.000) ---
Static bad channels (2): 1031 1111
Processed raw data buffer with 1000 samples.

--- Reading raw tag #b = 35/151 (#t = 75.000) ---
Static bad channels (2): 1031 1111
Processed raw data buffer with 1000 samples.

--- Reading raw tag #b = 36/151 (#t = 76.000) ---
Static bad channels (2): 1031 1111
Processed raw data buffer with 1000 samples.

--- Reading raw tag #b = 37/151 (#t = 77.000) ---
Static bad channels (2): 1031 1111
Processed raw data buffer with 1000 samples.

--- Reading raw tag #b = 38/151 (#t = 78.000) ---
Static bad channels (2): 1031 1111
Processed raw data buffer with 1000 samples.

--- Reading raw tag #b = 39/151 (#t = 79.000) ---
Static bad channels (2): 1031 1111
Processed raw data buffer with 1000 samples.

--- Reading raw tag #b = 40/151 (#t = 80.000) ---
Static bad channels (2): 1031 1111
Processed raw data buffer with 1000 samples.

--- Reading raw tag #b = 41/151 (#t = 81.000) ---
Static bad channels (2): 1031 1111
Processed raw data buffer with 1000 samples.

--- Reading raw tag #b = 42/151 (#t = 82.000) ---
Static bad channels (2): 1031 1111
Processed raw data buffer with 1000 samples.

--- Reading raw tag #b = 43/151 (#t = 83.000) ---
Static bad channels (2): 1031 1111
Processed raw data buffer with 1000 samples.

--- Reading raw tag #b = 44/151 (#t = 84.000) ---
Static bad channels (2): 1031 1111
Processed raw data buffer with 1000 samples.

--- Reading raw tag #b = 45/151 (#t = 85.000) ---
Static bad channels (2): 1031 1111
Processed raw data buffer with 1000 samples.

--- Reading raw tag #b = 46/151 (#t = 86.000) ---
Static bad channels (2): 1031 1111
Processed raw data buffer with 1000 samples.

--- Reading raw tag #b = 47/151 (#t = 87.000) ---
Static bad channels (2): 1031 1111
Processed raw data buffer with 1000 samples.

--- Reading raw tag #b = 48/151 (#t = 88.000) ---
Static bad channels (2): 1031 1111
Processed raw data buffer with 1000 samples.

--- Reading raw tag #b = 49/151 (#t = 89.000) ---
Static bad channels (2): 1031 1111
Processed raw data buffer with 1000 samples.

--- Reading raw tag #b = 50/151 (#t = 90.000) ---
Static bad channels (2): 1031 1111
Processed raw data buffer with 1000 samples.

--- Reading raw tag #b = 51/151 (#t = 91.000) ---
Static bad channels (2): 1031 1111
Processed raw data buffer with 1000 samples.

--- Reading raw tag #b = 52/151 (#t = 92.000) ---
Static bad channels (2): 1031 1111
Processed raw data buffer with 1000 samples.

--- Reading raw tag #b = 53/151 (#t = 93.000) ---
Static bad channels (2): 1031 1111
Processed raw data buffer with 1000 samples.

--- Reading raw tag #b = 54/151 (#t = 94.000) ---
Static bad channels (2): 1031 1111
Processed raw data buffer with 1000 samples.

--- Reading raw tag #b = 55/151 (#t = 95.000) ---
Static bad channels (2): 1031 1111
Processed raw data buffer with 1000 samples.

--- Reading raw tag #b = 56/151 (#t = 96.000) ---
Static bad channels (2): 1031 1111
Processed raw data buffer with 1000 samples.

--- Reading raw tag #b = 57/151 (#t = 97.000) ---
Static bad channels (2): 1031 1111
Processed raw data buffer with 1000 samples.

--- Reading raw tag #b = 58/151 (#t = 98.000) ---
Static bad channels (2): 1031 1111
Processed raw data buffer with 1000 samples.

--- Reading raw tag #b = 59/151 (#t = 99.000) ---
Static bad channels (2): 1031 1111
Processed raw data buffer with 1000 samples.

--- Reading raw tag #b = 60/151 (#t = 100.000) ---
Static bad channels (2): 1031 1111
Processed raw data buffer with 1000 samples.

--- Reading raw tag #b = 61/151 (#t = 101.000) ---
Static bad channels (2): 1031 1111
Processed raw data buffer with 1000 samples.

--- Reading raw tag #b = 62/151 (#t = 102.000) ---
Static bad channels (2): 1031 1111
Processed raw data buffer with 1000 samples.

--- Reading raw tag #b = 63/151 (#t = 103.000) ---
Static bad channels (2): 1031 1111
Processed raw data buffer with 1000 samples.

--- Reading raw tag #b = 64/151 (#t = 104.000) ---
Static bad channels (2): 1031 1111
Processed raw data buffer with 1000 samples.

--- Reading raw tag #b = 65/151 (#t = 105.000) ---
Static bad channels (2): 1031 1111
Processed raw data buffer with 1000 samples.

--- Reading raw tag #b = 66/151 (#t = 106.000) ---
Static bad channels (2): 1031 1111
Processed raw data buffer with 1000 samples.

--- Reading raw tag #b = 67/151 (#t = 107.000) ---
Static bad channels (2): 1031 1111
Processed raw data buffer with 1000 samples.

--- Reading raw tag #b = 68/151 (#t = 108.000) ---
Static bad channels (2): 1031 1111
Processed raw data buffer with 1000 samples.

--- Reading raw tag #b = 69/151 (#t = 109.000) ---
Static bad channels (2): 1031 1111
Processed raw data buffer with 1000 samples.

--- Reading raw tag #b = 70/151 (#t = 110.000) ---
Static bad channels (2): 1031 1111
Processed raw data buffer with 1000 samples.

--- Reading raw tag #b = 71/151 (#t = 111.000) ---
Static bad channels (2): 1031 1111
Processed raw data buffer with 1000 samples.

--- Reading raw tag #b = 72/151 (#t = 112.000) ---
Static bad channels (2): 1031 1111
Processed raw data buffer with 1000 samples.

--- Reading raw tag #b = 73/151 (#t = 113.000) ---
Static bad channels (2): 1031 1111
Processed raw data buffer with 1000 samples.

--- Reading raw tag #b = 74/151 (#t = 114.000) ---
Static bad channels (2): 1031 1111
Processed raw data buffer with 1000 samples.

--- Reading raw tag #b = 75/151 (#t = 115.000) ---
Static bad channels (2): 1031 1111
Processed raw data buffer with 1000 samples.

--- Reading raw tag #b = 76/151 (#t = 116.000) ---
Static bad channels (2): 1031 1111
Processed raw data buffer with 1000 samples.

--- Reading raw tag #b = 77/151 (#t = 117.000) ---
Static bad channels (2): 1031 1111
Processed raw data buffer with 1000 samples.

--- Reading raw tag #b = 78/151 (#t = 118.000) ---
Static bad channels (2): 1031 1111
Processed raw data buffer with 1000 samples.

--- Reading raw tag #b = 79/151 (#t = 119.000) ---
Static bad channels (2): 1031 1111
Processed raw data buffer with 1000 samples.

--- Reading raw tag #b = 80/151 (#t = 120.000) ---
Static bad channels (2): 1031 1111
Processed raw data buffer with 1000 samples.

--- Reading raw tag #b = 81/151 (#t = 121.000) ---
Static bad channels (2): 1031 1111
Processed raw data buffer with 1000 samples.

--- Reading raw tag #b = 82/151 (#t = 122.000) ---
Static bad channels (2): 1031 1111
Processed raw data buffer with 1000 samples.

--- Reading raw tag #b = 83/151 (#t = 123.000) ---
Static bad channels (2): 1031 1111
Processed raw data buffer with 1000 samples.

--- Reading raw tag #b = 84/151 (#t = 124.000) ---
Static bad channels (2): 1031 1111
Processed raw data buffer with 1000 samples.

--- Reading raw tag #b = 85/151 (#t = 125.000) ---
Static bad channels (2): 1031 1111
Processed raw data buffer with 1000 samples.

--- Reading raw tag #b = 86/151 (#t = 126.000) ---
Static bad channels (2): 1031 1111
Processed raw data buffer with 1000 samples.

--- Reading raw tag #b = 87/151 (#t = 127.000) ---
Static bad channels (2): 1031 1111
Processed raw data buffer with 1000 samples.

--- Reading raw tag #b = 88/151 (#t = 128.000) ---
Static bad channels (2): 1031 1111
Processed raw data buffer with 1000 samples.

--- Reading raw tag #b = 89/151 (#t = 129.000) ---
Static bad channels (2): 1031 1111
Processed raw data buffer with 1000 samples.

--- Reading raw tag #b = 90/151 (#t = 130.000) ---
Static bad channels (2): 1031 1111
Processed raw data buffer with 1000 samples.

--- Reading raw tag #b = 91/151 (#t = 131.000) ---
Static bad channels (2): 1031 1111
Processed raw data buffer with 1000 samples.

--- Reading raw tag #b = 92/151 (#t = 132.000) ---
Static bad channels (2): 1031 1111
Processed raw data buffer with 1000 samples.

--- Reading raw tag #b = 93/151 (#t = 133.000) ---
Static bad channels (2): 1031 1111
Processed raw data buffer with 1000 samples.

--- Reading raw tag #b = 94/151 (#t = 134.000) ---
Static bad channels (2): 1031 1111
Processed raw data buffer with 1000 samples.

--- Reading raw tag #b = 95/151 (#t = 135.000) ---
Static bad channels (2): 1031 1111
Processed raw data buffer with 1000 samples.

--- Reading raw tag #b = 96/151 (#t = 136.000) ---
Static bad channels (2): 1031 1111
Processed raw data buffer with 1000 samples.

--- Reading raw tag #b = 97/151 (#t = 137.000) ---
Static bad channels (2): 1031 1111
Processed raw data buffer with 1000 samples.

--- Reading raw tag #b = 98/151 (#t = 138.000) ---
Static bad channels (2): 1031 1111
Processed raw data buffer with 1000 samples.

--- Reading raw tag #b = 99/151 (#t = 139.000) ---
Static bad channels (2): 1031 1111
Processed raw data buffer with 1000 samples.

--- Reading raw tag #b = 100/151 (#t = 140.000) ---
Static bad channels (2): 1031 1111
Processed raw data buffer with 1000 samples.

--- Reading raw tag #b = 101/151 (#t = 141.000) ---
Static bad channels (2): 1031 1111
Processed raw data buffer with 1000 samples.

--- Reading raw tag #b = 102/151 (#t = 142.000) ---
Static bad channels (2): 1031 1111
Processed raw data buffer with 1000 samples.

--- Reading raw tag #b = 103/151 (#t = 143.000) ---
Static bad channels (2): 1031 1111
Processed raw data buffer with 1000 samples.

--- Reading raw tag #b = 104/151 (#t = 144.000) ---
Static bad channels (2): 1031 1111
Processed raw data buffer with 1000 samples.

--- Reading raw tag #b = 105/151 (#t = 145.000) ---
Static bad channels (2): 1031 1111
Processed raw data buffer with 1000 samples.

--- Reading raw tag #b = 106/151 (#t = 146.000) ---
Static bad channels (2): 1031 1111
Processed raw data buffer with 1000 samples.

--- Reading raw tag #b = 107/151 (#t = 147.000) ---
Static bad channels (2): 1031 1111
Processed raw data buffer with 1000 samples.

--- Reading raw tag #b = 108/151 (#t = 148.000) ---
Static bad channels (2): 1031 1111
Processed raw data buffer with 1000 samples.

--- Reading raw tag #b = 109/151 (#t = 149.000) ---
Static bad channels (2): 1031 1111
Processed raw data buffer with 1000 samples.

--- Reading raw tag #b = 110/151 (#t = 150.000) ---
Static bad channels (2): 1031 1111
Processed raw data buffer with 1000 samples.

--- Reading raw tag #b = 111/151 (#t = 151.000) ---
Static bad channels (2): 1031 1111
Processed raw data buffer with 1000 samples.

--- Reading raw tag #b = 112/151 (#t = 152.000) ---
Static bad channels (2): 1031 1111
Processed raw data buffer with 1000 samples.

--- Reading raw tag #b = 113/151 (#t = 153.000) ---
Static bad channels (2): 1031 1111
Processed raw data buffer with 1000 samples.

--- Reading raw tag #b = 114/151 (#t = 154.000) ---
Static bad channels (2): 1031 1111
Processed raw data buffer with 1000 samples.

--- Reading raw tag #b = 115/151 (#t = 155.000) ---
Static bad channels (2): 1031 1111
Processed raw data buffer with 1000 samples.

--- Reading raw tag #b = 116/151 (#t = 156.000) ---
Static bad channels (2): 1031 1111
Processed raw data buffer with 1000 samples.

--- Reading raw tag #b = 117/151 (#t = 157.000) ---
Static bad channels (2): 1031 1111
Processed raw data buffer with 1000 samples.

--- Reading raw tag #b = 118/151 (#t = 158.000) ---
Static bad channels (2): 1031 1111
Processed raw data buffer with 1000 samples.

--- Reading raw tag #b = 119/151 (#t = 159.000) ---
Static bad channels (2): 1031 1111
Processed raw data buffer with 1000 samples.

--- Reading raw tag #b = 120/151 (#t = 160.000) ---
Static bad channels (2): 1031 1111
Processed raw data buffer with 1000 samples.

--- Reading raw tag #b = 121/151 (#t = 161.000) ---
Static bad channels (2): 1031 1111
Processed raw data buffer with 1000 samples.

--- Reading raw tag #b = 122/151 (#t = 162.000) ---
Static bad channels (2): 1031 1111
Processed raw data buffer with 1000 samples.

--- Reading raw tag #b = 123/151 (#t = 163.000) ---
Static bad channels (2): 1031 1111
Processed raw data buffer with 1000 samples.

--- Reading raw tag #b = 124/151 (#t = 164.000) ---
Static bad channels (2): 1031 1111
Processed raw data buffer with 1000 samples.

--- Reading raw tag #b = 125/151 (#t = 165.000) ---
Static bad channels (2): 1031 1111
Processed raw data buffer with 1000 samples.

--- Reading raw tag #b = 126/151 (#t = 166.000) ---
Static bad channels (2): 1031 1111
Processed raw data buffer with 1000 samples.

--- Reading raw tag #b = 127/151 (#t = 167.000) ---
Static bad channels (2): 1031 1111
Processed raw data buffer with 1000 samples.

--- Reading raw tag #b = 128/151 (#t = 168.000) ---
Static bad channels (2): 1031 1111
Processed raw data buffer with 1000 samples.

--- Reading raw tag #b = 129/151 (#t = 169.000) ---
Static bad channels (2): 1031 1111
Processed raw data buffer with 1000 samples.

--- Reading raw tag #b = 130/151 (#t = 170.000) ---
Static bad channels (2): 1031 1111
Processed raw data buffer with 1000 samples.

--- Reading raw tag #b = 131/151 (#t = 171.000) ---
Static bad channels (2): 1031 1111
Processed raw data buffer with 1000 samples.

--- Reading raw tag #b = 132/151 (#t = 172.000) ---
Static bad channels (2): 1031 1111
Processed raw data buffer with 1000 samples.

--- Reading raw tag #b = 133/151 (#t = 173.000) ---
Static bad channels (2): 1031 1111
Processed raw data buffer with 1000 samples.

--- Reading raw tag #b = 134/151 (#t = 174.000) ---
Static bad channels (2): 1031 1111
Processed raw data buffer with 1000 samples.

--- Reading raw tag #b = 135/151 (#t = 175.000) ---
Static bad channels (2): 1031 1111
Processed raw data buffer with 1000 samples.

--- Reading raw tag #b = 136/151 (#t = 176.000) ---
Static bad channels (2): 1031 1111
Processed raw data buffer with 1000 samples.

--- Reading raw tag #b = 137/151 (#t = 177.000) ---
Static bad channels (2): 1031 1111
Processed raw data buffer with 1000 samples.

--- Reading raw tag #b = 138/151 (#t = 178.000) ---
Static bad channels (2): 1031 1111
Processed raw data buffer with 1000 samples.

--- Reading raw tag #b = 139/151 (#t = 179.000) ---
Static bad channels (2): 1031 1111
Processed raw data buffer with 1000 samples.

--- Reading raw tag #b = 140/151 (#t = 180.000) ---
Static bad channels (2): 1031 1111
Processed raw data buffer with 1000 samples.

--- Reading raw tag #b = 141/151 (#t = 181.000) ---
Static bad channels (2): 1031 1111
Processed raw data buffer with 1000 samples.

--- Reading raw tag #b = 142/151 (#t = 182.000) ---
Static bad channels (2): 1031 1111
Processed raw data buffer with 1000 samples.

--- Reading raw tag #b = 143/151 (#t = 183.000) ---
Static bad channels (2): 1031 1111
Processed raw data buffer with 1000 samples.

--- Reading raw tag #b = 144/151 (#t = 184.000) ---
Static bad channels (2): 1031 1111
Processed raw data buffer with 1000 samples.

--- Reading raw tag #b = 145/151 (#t = 185.000) ---
Static bad channels (2): 1031 1111
Processed raw data buffer with 1000 samples.

--- Reading raw tag #b = 146/151 (#t = 186.000) ---
Static bad channels (2): 1031 1111
Processed raw data buffer with 1000 samples.

--- Reading raw tag #b = 147/151 (#t = 187.000) ---
Static bad channels (2): 1031 1111
Processed raw data buffer with 1000 samples.

--- Reading raw tag #b = 148/151 (#t = 188.000) ---
Static bad channels (2): 1031 1111
Processed raw data buffer with 1000 samples.

--- Reading raw tag #b = 149/151 (#t = 189.000) ---
Static bad channels (2): 1031 1111
Processed raw data buffer with 1000 samples.

--- Reading raw tag #b = 150/151 (#t = 190.000) ---
Static bad channels (2): 1031 1111
Processed raw data buffer with 1000 samples.

--- Reading raw tag #b = 151/151 (#t = 191.000) ---
Static bad channels (2): 1031 1111
Processed raw data buffer with 3000 samples.

EXIT OK: Wrote successfully the result to file /imaging/rh01/Methods/DanData/RawFIF/EmptyRoom/090506_sss.fif.
