[INFO   ]:03/27/2019 15:23:12:root Loading module COFITAGE_base from Plugins/COFITAGE_base.py
[INFO   ]:03/27/2019 15:23:12:root >>>>>>>>>>>>>>>>>>>>>>
[INFO   ]:03/27/2019 15:23:12:root Starting new bidsifier
[INFO   ]:03/27/2019 15:23:12:root <<<<<<<<<<<<<<<<<<<<<<
[INFO   ]:03/27/2019 15:23:12:root File: /Storage/beliy/COFITAGE/Public/Emb/9b420491-4fe6-489c-8365-d19481065d69/
[INFO   ]:03/27/2019 15:23:12:root Output: /Storage/beliy/COFITAGE/Public/BIDS/
[INFO   ]:03/27/2019 15:23:12:root Detected embla format
[INFO   ]:03/27/2019 15:23:12:COFITAGE_base Running RecordingEP
[INFO   ]:03/27/2019 15:23:12:DataStructure.Generic.Record JSON File: /home/beliy/Works/COFITAGE/JSON/COF_HN.json
[INFO   ]:03/27/2019 15:23:12:root Patient Id: COF115
[INFO   ]:03/27/2019 15:23:12:root Session Id: 
[INFO   ]:03/27/2019 15:23:12:root Task    Id: HN
[INFO   ]:03/27/2019 15:23:12:root Acq     Id: T2328
[INFO   ]:03/27/2019 15:23:12:root EEG will be saved in /Storage/beliy/COFITAGE/Public/BIDS/sub-COF115/eeg/
[WARNING]:03/27/2019 15:23:12:tools.tools Found 6 files with pattern 'sub-COF115_task-HN_acq-T2328*'.
[WARNING]:03/27/2019 15:23:12:tools.tools They will be removed.
[WARNING]:03/27/2019 15:23:12:tools.tools Found 1 files with pattern 'sub-COF115_task-HN_acq-T2328.log'.
[WARNING]:03/27/2019 15:23:12:tools.tools They will be removed.
[WARNING]:03/27/2019 15:23:12:tools.tools Found 1 files with pattern 'sub-COF115_task-HN_acq-T2328.ini'.
[WARNING]:03/27/2019 15:23:12:tools.tools They will be removed.
[INFO   ]:03/27/2019 15:23:12:root Reading channels
[INFO   ]:03/27/2019 15:23:12:COFITAGE_base Running ChannelsEP
[WARNING]:03/27/2019 15:23:12:COFITAGE_base Dropping channel Flattening of type MISC
[WARNING]:03/27/2019 15:23:12:COFITAGE_base Dropping channel Light_BU of type MISC
[WARNING]:03/27/2019 15:23:12:COFITAGE_base Dropping channel Nasal Pressure of type MISC
[WARNING]:03/27/2019 15:23:12:COFITAGE_base Dropping channel Snoring Sensor of type MISC
[WARNING]:03/27/2019 15:23:12:COFITAGE_base Dropping channel Thorax of type MISC
[WARNING]:03/27/2019 15:23:12:COFITAGE_base Dropping channel Abdomen of type MISC
[WARNING]:03/27/2019 15:23:12:COFITAGE_base Dropping channel Gravity X of type MISC
[WARNING]:03/27/2019 15:23:12:COFITAGE_base Dropping channel Gravity Y of type MISC
[WARNING]:03/27/2019 15:23:12:COFITAGE_base Dropping channel Plethysmogram of type MISC
[WARNING]:03/27/2019 15:23:12:COFITAGE_base Dropping channel Pulse of type MISC
[WARNING]:03/27/2019 15:23:12:COFITAGE_base Dropping channel RD-Quality of type MISC
[WARNING]:03/27/2019 15:23:12:COFITAGE_base Dropping channel SpO2 of type MISC
[WARNING]:03/27/2019 15:23:12:COFITAGE_base Dropping channel SpO2 BB of type MISC
[WARNING]:03/27/2019 15:23:12:COFITAGE_base Dropping channel Light_MD of type MISC
[WARNING]:03/27/2019 15:23:12:COFITAGE_base Dropping channel Heart Rate_DR of type MISC
[WARNING]:03/27/2019 15:23:12:COFITAGE_base Dropping channel SpO2-Quality_DR of type MISC
[WARNING]:03/27/2019 15:23:12:COFITAGE_base Dropping channel Flow_DR of type MISC
[WARNING]:03/27/2019 15:23:12:COFITAGE_base Dropping channel Snore_DR of type MISC
[WARNING]:03/27/2019 15:23:12:COFITAGE_base Dropping channel Activity_DR of type MISC
[WARNING]:03/27/2019 15:23:12:COFITAGE_base Dropping channel Elevation_DR of type MISC
[WARNING]:03/27/2019 15:23:12:COFITAGE_base Dropping channel Position_DR of type MISC
[WARNING]:03/27/2019 15:23:12:COFITAGE_base Dropping channel Phase_DR of type MISC
[WARNING]:03/27/2019 15:23:12:COFITAGE_base Dropping channel RMI_DR of type MISC
[WARNING]:03/27/2019 15:23:12:COFITAGE_base Dropping channel RR_DR of type MISC
[WARNING]:03/27/2019 15:23:12:COFITAGE_base Dropping channel XSum_DR of type MISC
[WARNING]:03/27/2019 15:23:12:COFITAGE_base Dropping channel Tidal Volume_DR of type MISC
[WARNING]:03/27/2019 15:23:12:COFITAGE_base Dropping channel XFlow_DR of type MISC
[INFO   ]:03/27/2019 15:23:12:root Duration: 7:25:01.141160
[INFO   ]:03/27/2019 15:23:12:root Reading events info
[INFO   ]:03/27/2019 15:23:15:root New duration: 7:25:01.141160
[INFO   ]:03/27/2019 15:23:15:COFITAGE_base Running EventsEP
[INFO   ]:03/27/2019 15:23:15:root Creating eeg.json file
[INFO   ]:03/27/2019 15:23:15:root JSON: Missing next recomennded fields: ['CogAtlasID', 'CogPOID', 'InstitutionName', 'InstitutionAddress', 'InstitutionalDepartementName', 'HeadCircumference', 'TriggerChannelCount', 'EpochLenght']
[INFO   ]:03/27/2019 15:23:15:root Creating channels.tsv file
[INFO   ]:03/27/2019 15:23:15:tools.json Creating events.json file
[INFO   ]:03/27/2019 15:23:15:root Creating events.tsv file
[INFO   ]:03/27/2019 15:23:15:root Converting to EDF+ format
[INFO   ]:03/27/2019 15:23:15:root Creating events.edf file
[INFO   ]:03/27/2019 15:23:15:root Creating eeg.edf file
[INFO   ]:03/27/2019 15:23:15:root Timepoint 1: Duration 6:28:50
[INFO   ]:03/27/2019 15:23:37:root Timepoint 2: Duration 0:56:20
[INFO   ]:03/27/2019 15:23:40:root Copying plugin file to code/
[INFO   ]:03/27/2019 15:23:40:root >>>>>>>>>>>>>>>>>>>>>>
[INFO   ]:03/27/2019 15:23:40:root Took 29.469373462 seconds
[INFO   ]:03/27/2019 15:23:40:root <<<<<<<<<<<<<<<<<<<<<<
