[INFO   ]:05/09/2019 11:25:40:root Loading module COFITAGE_base from Plugins/COFITAGE_base.py
[INFO   ]:05/09/2019 11:25:40:root >>>>>>>>>>>>>>>>>>>>>>
[INFO   ]:05/09/2019 11:25:40:root Starting new bidsifier
[INFO   ]:05/09/2019 11:25:40:root <<<<<<<<<<<<<<<<<<<<<<
[INFO   ]:05/09/2019 11:25:40:root File: /Storage/beliy/COFITAGE/Public/Emb/9be38db0-dd98-4bcf-9bff-734ae3ab82c6/
[INFO   ]:05/09/2019 11:25:40:DataStructure.Embla.Record Detected Embla format
[INFO   ]:05/09/2019 11:25:40:DataStructure.Generic.Record Output will be found at '/Storage/beliy/COFITAGE/Public/bids-examples/eeg_cofitage'
[WARNING]:05/09/2019 11:25:40:DataStructure.BIDS.BIDS subject label 'COF089_BL_27112017_T214300' contains illegal characters. Dataset will not be BIDS coplient
[INFO   ]:05/09/2019 11:25:40:COFITAGE_base Running RecordingEP
[INFO   ]:05/09/2019 11:25:40:DataStructure.Generic.Record JSON File: /home/beliy/Works/COFITAGE/JSON/COF_BL.json
[INFO   ]:05/09/2019 11:25:40:root Patient Id: COF089
[INFO   ]:05/09/2019 11:25:40:root Session Id: 
[INFO   ]:05/09/2019 11:25:40:root Task    Id: BL
[INFO   ]:05/09/2019 11:25:40:root Acq     Id: T2144
[INFO   ]:05/09/2019 11:25:40:DataStructure.BIDS.BIDS ID locked. Inner directory is 'sub-COF089//'
[INFO   ]:05/09/2019 11:25:40:root Reading channels
[INFO   ]:05/09/2019 11:25:40:COFITAGE_base Running ChannelsEP
[WARNING]:05/09/2019 11:25:40:COFITAGE_base Dropping channel Light_BU of type MISC
[WARNING]:05/09/2019 11:25:40:COFITAGE_base Dropping channel Light_MD of type MISC
[INFO   ]:05/09/2019 11:25:40:root Duration: 7:01:54.221400
[INFO   ]:05/09/2019 11:25:40:root Reading events info
[INFO   ]:05/09/2019 11:25:40:COFITAGE_base Running EventsEP
[INFO   ]:05/09/2019 11:25:40:root JSON: Missing next recomennded fields: ['InstitutionName', 'InstitutionAddress', 'CogAtlasID', 'CogPOID', 'TriggerChannelCount', 'EpochLenght', 'HeadCircumference']
[INFO   ]:05/09/2019 11:25:40:DataStructure.Generic.Record Creating eeg.json file
[INFO   ]:05/09/2019 11:25:40:root Creating channels.tsv file
[INFO   ]:05/09/2019 11:25:40:root Creating events.tsv file
[INFO   ]:05/09/2019 11:25:40:root Converting to BrainVision format
[INFO   ]:05/09/2019 11:25:40:root Creating eeg.vhdr header file
[INFO   ]:05/09/2019 11:25:40:root Creating eeg.vmrk markers file
[INFO   ]:05/09/2019 11:25:40:root Writting proper events
[INFO   ]:05/09/2019 11:25:40:root Creating eeg data file
[INFO   ]:05/09/2019 11:25:40:root Timepoint 1: Duration 5:21:21
[INFO   ]:05/09/2019 11:26:07:root Timepoint 2: Duration 1:40:34
[WARNING]:05/09/2019 11:26:15:DataStructure.BIDS.BIDS JSON file /Storage/beliy/COFITAGE/Public/bids-examples/eeg_cofitage/sub-COF089/sub-COF089_scans.json already exists. It will be replaced.
[WARNING]:05/09/2019 11:26:15:root BIDS requires 'dataset_description.json' file in output folder.
[WARNING]:05/09/2019 11:26:15:root BIDS recommends 'README' file in output folder.
[INFO   ]:05/09/2019 11:26:15:root Copying plugin file to code/
[INFO   ]:05/09/2019 11:26:15:root >>>>>>>>>>>>>>>>>>>>>>
[INFO   ]:05/09/2019 11:26:15:root Took 34.748044589 seconds
[INFO   ]:05/09/2019 11:26:15:root <<<<<<<<<<<<<<<<<<<<<<
