[INFO   ]:05/09/2019 11:24:30:root Loading module COFITAGE_base from Plugins/COFITAGE_base.py
[INFO   ]:05/09/2019 11:24:30:root >>>>>>>>>>>>>>>>>>>>>>
[INFO   ]:05/09/2019 11:24:30:root Starting new bidsifier
[INFO   ]:05/09/2019 11:24:30:root <<<<<<<<<<<<<<<<<<<<<<
[INFO   ]:05/09/2019 11:24:30:root File: /Storage/beliy/COFITAGE/Public/Emb/8656974a-bd63-46d9-9de9-f9fabc813779/
[INFO   ]:05/09/2019 11:24:30:DataStructure.Embla.Record Detected Embla format
[INFO   ]:05/09/2019 11:24:30:DataStructure.Generic.Record Output will be found at '/Storage/beliy/COFITAGE/Public/bids-examples/eeg_cofitage'
[WARNING]:05/09/2019 11:24:30:DataStructure.BIDS.BIDS subject label 'COF125_HN_23102018_T225700' contains illegal characters. Dataset will not be BIDS coplient
[INFO   ]:05/09/2019 11:24:30:COFITAGE_base Running RecordingEP
[INFO   ]:05/09/2019 11:24:30:DataStructure.Generic.Record JSON File: /home/beliy/Works/COFITAGE/JSON/COF_HN.json
[INFO   ]:05/09/2019 11:24:30:root Patient Id: COF125
[INFO   ]:05/09/2019 11:24:30:root Session Id: 
[INFO   ]:05/09/2019 11:24:30:root Task    Id: HN
[INFO   ]:05/09/2019 11:24:30:root Acq     Id: T2257
[INFO   ]:05/09/2019 11:24:30:DataStructure.BIDS.BIDS ID locked. Inner directory is 'sub-COF125//'
[INFO   ]:05/09/2019 11:24:30:root Reading channels
[WARNING]:05/09/2019 11:24:30:EmblaChannel Channel uses calibration function '(1/0.1583712)*x'. Actually only linear calibrations are supported. If function is not linear, retrieved values will be incorrect.
[WARNING]:05/09/2019 11:24:30:EmblaChannel Channel uses calibration function '(1/0.1583712)*x'. Actually only linear calibrations are supported. If function is not linear, retrieved values will be incorrect.
[WARNING]:05/09/2019 11:24:30:EmblaChannel Channel uses calibration function '(1/6.0429e-2)*x'. Actually only linear calibrations are supported. If function is not linear, retrieved values will be incorrect.
[INFO   ]:05/09/2019 11:24:30:COFITAGE_base Running ChannelsEP
[WARNING]:05/09/2019 11:24:30:COFITAGE_base Dropping channel Flattening of type MISC
[WARNING]:05/09/2019 11:24:30:COFITAGE_base Dropping channel Light_BU of type MISC
[WARNING]:05/09/2019 11:24:30:COFITAGE_base Dropping channel Nasal Pressure of type MISC
[WARNING]:05/09/2019 11:24:30:COFITAGE_base Dropping channel Snoring Sensor of type MISC
[WARNING]:05/09/2019 11:24:30:COFITAGE_base Dropping channel Thorax of type MISC
[WARNING]:05/09/2019 11:24:30:COFITAGE_base Dropping channel Abdomen of type MISC
[WARNING]:05/09/2019 11:24:30:COFITAGE_base Dropping channel Gravity X of type MISC
[WARNING]:05/09/2019 11:24:30:COFITAGE_base Dropping channel Gravity Y of type MISC
[WARNING]:05/09/2019 11:24:30:COFITAGE_base Dropping channel Plethysmogram of type MISC
[WARNING]:05/09/2019 11:24:30:COFITAGE_base Dropping channel Pulse of type MISC
[WARNING]:05/09/2019 11:24:30:COFITAGE_base Dropping channel RD-Quality of type MISC
[WARNING]:05/09/2019 11:24:30:COFITAGE_base Dropping channel SpO2 of type MISC
[WARNING]:05/09/2019 11:24:30:COFITAGE_base Dropping channel SpO2 BB of type MISC
[WARNING]:05/09/2019 11:24:30:COFITAGE_base Dropping channel Light_MD of type MISC
[WARNING]:05/09/2019 11:24:30:COFITAGE_base Dropping channel Heart Rate_DR of type MISC
[WARNING]:05/09/2019 11:24:30:COFITAGE_base Dropping channel SpO2-Quality_DR of type MISC
[WARNING]:05/09/2019 11:24:30:COFITAGE_base Dropping channel Flow_DR of type MISC
[WARNING]:05/09/2019 11:24:30:COFITAGE_base Dropping channel Snore_DR of type MISC
[WARNING]:05/09/2019 11:24:30:COFITAGE_base Dropping channel Activity_DR of type MISC
[WARNING]:05/09/2019 11:24:30:COFITAGE_base Dropping channel Elevation_DR of type MISC
[WARNING]:05/09/2019 11:24:30:COFITAGE_base Dropping channel Position_DR of type MISC
[WARNING]:05/09/2019 11:24:30:COFITAGE_base Dropping channel Phase_DR of type MISC
[WARNING]:05/09/2019 11:24:30:COFITAGE_base Dropping channel RMI_DR of type MISC
[WARNING]:05/09/2019 11:24:30:COFITAGE_base Dropping channel RR_DR of type MISC
[WARNING]:05/09/2019 11:24:30:COFITAGE_base Dropping channel XSum_DR of type MISC
[WARNING]:05/09/2019 11:24:30:COFITAGE_base Dropping channel Tidal Volume_DR of type MISC
[WARNING]:05/09/2019 11:24:30:COFITAGE_base Dropping channel XFlow_DR of type MISC
[INFO   ]:05/09/2019 11:24:30:root Duration: 8:08:42.285417
[INFO   ]:05/09/2019 11:24:30:root Reading events info
[INFO   ]:05/09/2019 11:24:36:COFITAGE_base Running EventsEP
[INFO   ]:05/09/2019 11:24:36:root JSON: Missing next recomennded fields: ['InstitutionName', 'InstitutionAddress', 'CogAtlasID', 'CogPOID', 'TriggerChannelCount', 'EpochLenght', 'HeadCircumference']
[INFO   ]:05/09/2019 11:24:36:DataStructure.Generic.Record Creating eeg.json file
[INFO   ]:05/09/2019 11:24:36:root Creating channels.tsv file
[INFO   ]:05/09/2019 11:24:36:root Creating events.tsv file
[INFO   ]:05/09/2019 11:24:36:root Converting to BrainVision format
[INFO   ]:05/09/2019 11:24:36:root Creating eeg.vhdr header file
[INFO   ]:05/09/2019 11:24:36:root Creating eeg.vmrk markers file
[INFO   ]:05/09/2019 11:24:36:root Writting proper events
[INFO   ]:05/09/2019 11:24:36:root Creating eeg data file
[INFO   ]:05/09/2019 11:24:36:root Timepoint 1: Duration 6:26:54
[INFO   ]:05/09/2019 11:25:05:root Timepoint 2: Duration 1:41:50
[WARNING]:05/09/2019 11:25:12:root BIDS requires 'dataset_description.json' file in output folder.
[WARNING]:05/09/2019 11:25:12:root BIDS recommends 'README' file in output folder.
[INFO   ]:05/09/2019 11:25:12:root Copying plugin file to code/
[INFO   ]:05/09/2019 11:25:12:root >>>>>>>>>>>>>>>>>>>>>>
[INFO   ]:05/09/2019 11:25:12:root Took 42.618862697 seconds
[INFO   ]:05/09/2019 11:25:12:root <<<<<<<<<<<<<<<<<<<<<<
