[INFO   ]:03/27/2019 15:25:08:root Loading module COFITAGE_base from Plugins/COFITAGE_base.py
[INFO   ]:03/27/2019 15:25:08:root >>>>>>>>>>>>>>>>>>>>>>
[INFO   ]:03/27/2019 15:25:08:root Starting new bidsifier
[INFO   ]:03/27/2019 15:25:08:root <<<<<<<<<<<<<<<<<<<<<<
[INFO   ]:03/27/2019 15:25:08:root File: /Storage/beliy/COFITAGE/Public/Emb/ec2cdcdd-8d94-45ba-8979-3a2499b62586/
[INFO   ]:03/27/2019 15:25:08:root Output: /Storage/beliy/COFITAGE/Public/BIDS/
[INFO   ]:03/27/2019 15:25:08:root Detected embla format
[INFO   ]:03/27/2019 15:25:08:COFITAGE_base Running RecordingEP
[INFO   ]:03/27/2019 15:25:08:DataStructure.Generic.Record JSON File: /home/beliy/Works/COFITAGE/JSON/COF_HN.json
[INFO   ]:03/27/2019 15:25:08:root Patient Id: COF124
[INFO   ]:03/27/2019 15:25:08:root Session Id: 
[INFO   ]:03/27/2019 15:25:08:root Task    Id: HN
[INFO   ]:03/27/2019 15:25:08:root Acq     Id: T2243
[INFO   ]:03/27/2019 15:25:08:root EEG will be saved in /Storage/beliy/COFITAGE/Public/BIDS/sub-COF124/eeg/
[WARNING]:03/27/2019 15:25:08:tools.tools Found 6 files with pattern 'sub-COF124_task-HN_acq-T2243*'.
[WARNING]:03/27/2019 15:25:08:tools.tools They will be removed.
[WARNING]:03/27/2019 15:25:08:tools.tools Found 1 files with pattern 'sub-COF124_task-HN_acq-T2243.log'.
[WARNING]:03/27/2019 15:25:08:tools.tools They will be removed.
[WARNING]:03/27/2019 15:25:08:tools.tools Found 1 files with pattern 'sub-COF124_task-HN_acq-T2243.ini'.
[WARNING]:03/27/2019 15:25:08:tools.tools They will be removed.
[INFO   ]:03/27/2019 15:25:08:root Reading channels
[INFO   ]:03/27/2019 15:25:08:COFITAGE_base Running ChannelsEP
[WARNING]:03/27/2019 15:25:08:COFITAGE_base Dropping channel Flattening of type MISC
[WARNING]:03/27/2019 15:25:08:COFITAGE_base Dropping channel Light_BU of type MISC
[WARNING]:03/27/2019 15:25:08:COFITAGE_base Dropping channel Nasal Pressure of type MISC
[WARNING]:03/27/2019 15:25:08:COFITAGE_base Dropping channel Snoring Sensor of type MISC
[WARNING]:03/27/2019 15:25:08:COFITAGE_base Dropping channel Thorax of type MISC
[WARNING]:03/27/2019 15:25:08:COFITAGE_base Dropping channel Abdomen of type MISC
[WARNING]:03/27/2019 15:25:08:COFITAGE_base Dropping channel Gravity X of type MISC
[WARNING]:03/27/2019 15:25:08:COFITAGE_base Dropping channel Gravity Y of type MISC
[WARNING]:03/27/2019 15:25:08:COFITAGE_base Dropping channel Plethysmogram of type MISC
[WARNING]:03/27/2019 15:25:08:COFITAGE_base Dropping channel Pulse of type MISC
[WARNING]:03/27/2019 15:25:08:COFITAGE_base Dropping channel RD-Quality of type MISC
[WARNING]:03/27/2019 15:25:08:COFITAGE_base Dropping channel SpO2 of type MISC
[WARNING]:03/27/2019 15:25:08:COFITAGE_base Dropping channel SpO2 BB of type MISC
[WARNING]:03/27/2019 15:25:08:COFITAGE_base Dropping channel Light_MD of type MISC
[WARNING]:03/27/2019 15:25:08:COFITAGE_base Dropping channel Heart Rate_DR of type MISC
[WARNING]:03/27/2019 15:25:08:COFITAGE_base Dropping channel SpO2-Quality_DR of type MISC
[WARNING]:03/27/2019 15:25:08:COFITAGE_base Dropping channel Flow_DR of type MISC
[WARNING]:03/27/2019 15:25:08:COFITAGE_base Dropping channel Snore_DR of type MISC
[WARNING]:03/27/2019 15:25:08:COFITAGE_base Dropping channel Activity_DR of type MISC
[WARNING]:03/27/2019 15:25:08:COFITAGE_base Dropping channel Elevation_DR of type MISC
[WARNING]:03/27/2019 15:25:08:COFITAGE_base Dropping channel Position_DR of type MISC
[WARNING]:03/27/2019 15:25:08:COFITAGE_base Dropping channel Phase_DR of type MISC
[WARNING]:03/27/2019 15:25:08:COFITAGE_base Dropping channel RMI_DR of type MISC
[WARNING]:03/27/2019 15:25:08:COFITAGE_base Dropping channel RR_DR of type MISC
[WARNING]:03/27/2019 15:25:08:COFITAGE_base Dropping channel XSum_DR of type MISC
[WARNING]:03/27/2019 15:25:08:COFITAGE_base Dropping channel Tidal Volume_DR of type MISC
[WARNING]:03/27/2019 15:25:08:COFITAGE_base Dropping channel XFlow_DR of type MISC
[INFO   ]:03/27/2019 15:25:08:root Duration: 8:07:57.408789
[INFO   ]:03/27/2019 15:25:08:root Reading events info
[INFO   ]:03/27/2019 15:25:13:root New duration: 8:07:57.408789
[INFO   ]:03/27/2019 15:25:13:COFITAGE_base Running EventsEP
[INFO   ]:03/27/2019 15:25:13:root Creating eeg.json file
[INFO   ]:03/27/2019 15:25:13:root JSON: Missing next recomennded fields: ['CogAtlasID', 'CogPOID', 'InstitutionName', 'InstitutionAddress', 'InstitutionalDepartementName', 'HeadCircumference', 'TriggerChannelCount', 'EpochLenght']
[INFO   ]:03/27/2019 15:25:13:root Creating channels.tsv file
[INFO   ]:03/27/2019 15:25:13:tools.json Creating events.json file
[INFO   ]:03/27/2019 15:25:13:root Creating events.tsv file
[INFO   ]:03/27/2019 15:25:13:root Converting to EDF+ format
[INFO   ]:03/27/2019 15:25:13:root Creating events.edf file
[INFO   ]:03/27/2019 15:25:13:root Creating eeg.edf file
[INFO   ]:03/27/2019 15:25:13:root Timepoint 1: Duration 6:28:40
[INFO   ]:03/27/2019 15:25:34:root Timepoint 2: Duration 1:39:20
[INFO   ]:03/27/2019 15:25:40:root Copying plugin file to code/
[INFO   ]:03/27/2019 15:25:40:root >>>>>>>>>>>>>>>>>>>>>>
[INFO   ]:03/27/2019 15:25:40:root Took 32.720429565 seconds
[INFO   ]:03/27/2019 15:25:40:root <<<<<<<<<<<<<<<<<<<<<<
