[INFO   ]:05/09/2019 11:25:40:root Loading module COFITAGE_base from Plugins/COFITAGE_base.py
[INFO   ]:05/09/2019 11:25:40:root >>>>>>>>>>>>>>>>>>>>>>
[INFO   ]:05/09/2019 11:25:40:root Starting new bidsifier
[INFO   ]:05/09/2019 11:25:40:root <<<<<<<<<<<<<<<<<<<<<<
[INFO   ]:05/09/2019 11:25:40:root File: /Storage/beliy/COFITAGE/Public/Emb/bcda5c9b-d8a2-4987-93e6-5e585cf78f5f/
[INFO   ]:05/09/2019 11:25:40:DataStructure.Embla.Record Detected Embla format
[INFO   ]:05/09/2019 11:25:40:DataStructure.Generic.Record Output will be found at '/Storage/beliy/COFITAGE/Public/bids-examples/eeg_cofitage'
[WARNING]:05/09/2019 11:25:40:DataStructure.BIDS.BIDS subject label 'COF107_HN_220218_T225900' contains illegal characters. Dataset will not be BIDS coplient
[INFO   ]:05/09/2019 11:25:40:COFITAGE_base Running RecordingEP
[INFO   ]:05/09/2019 11:25:40:DataStructure.Generic.Record JSON File: /home/beliy/Works/COFITAGE/JSON/COF_HN.json
[INFO   ]:05/09/2019 11:25:40:root Patient Id: COF107
[INFO   ]:05/09/2019 11:25:40:root Session Id: 
[INFO   ]:05/09/2019 11:25:40:root Task    Id: HN
[INFO   ]:05/09/2019 11:25:40:root Acq     Id: T2300
[INFO   ]:05/09/2019 11:25:40:DataStructure.BIDS.BIDS ID locked. Inner directory is 'sub-COF107//'
[INFO   ]:05/09/2019 11:25:40:tools.tools Creating directory /Storage/beliy/COFITAGE/Public/bids-examples/eeg_cofitage/sub-COF107/eeg/
[INFO   ]:05/09/2019 11:25:40:root Reading channels
[WARNING]:05/09/2019 11:25:40:EmblaChannel Channel uses calibration function '(1/0.1583712)*x'. Actually only linear calibrations are supported. If function is not linear, retrieved values will be incorrect.
[WARNING]:05/09/2019 11:25:40:EmblaChannel Channel uses calibration function '(1/0.1583712)*x'. Actually only linear calibrations are supported. If function is not linear, retrieved values will be incorrect.
[WARNING]:05/09/2019 11:25:40:EmblaChannel Channel uses calibration function '(1/6.0429e-2)*x'. Actually only linear calibrations are supported. If function is not linear, retrieved values will be incorrect.
[INFO   ]:05/09/2019 11:25:40:COFITAGE_base Running ChannelsEP
[WARNING]:05/09/2019 11:25:40:COFITAGE_base Dropping channel Flattening of type MISC
[WARNING]:05/09/2019 11:25:40:COFITAGE_base Dropping channel Light_BU of type MISC
[WARNING]:05/09/2019 11:25:40:COFITAGE_base Dropping channel Nasal Pressure of type MISC
[WARNING]:05/09/2019 11:25:40:COFITAGE_base Dropping channel Snoring Sensor of type MISC
[WARNING]:05/09/2019 11:25:40:COFITAGE_base Dropping channel Thorax of type MISC
[WARNING]:05/09/2019 11:25:40:COFITAGE_base Dropping channel Abdomen of type MISC
[WARNING]:05/09/2019 11:25:40:COFITAGE_base Dropping channel Gravity X of type MISC
[WARNING]:05/09/2019 11:25:40:COFITAGE_base Dropping channel Gravity Y of type MISC
[WARNING]:05/09/2019 11:25:40:COFITAGE_base Dropping channel Plethysmogram of type MISC
[WARNING]:05/09/2019 11:25:40:COFITAGE_base Dropping channel Pulse of type MISC
[WARNING]:05/09/2019 11:25:40:COFITAGE_base Dropping channel RD-Quality of type MISC
[WARNING]:05/09/2019 11:25:40:COFITAGE_base Dropping channel SpO2 of type MISC
[WARNING]:05/09/2019 11:25:40:COFITAGE_base Dropping channel SpO2 BB of type MISC
[WARNING]:05/09/2019 11:25:40:COFITAGE_base Dropping channel Light_MD of type MISC
[WARNING]:05/09/2019 11:25:40:COFITAGE_base Dropping channel Heart Rate_DR of type MISC
[WARNING]:05/09/2019 11:25:40:COFITAGE_base Dropping channel SpO2-Quality_DR of type MISC
[WARNING]:05/09/2019 11:25:40:COFITAGE_base Dropping channel Flow_DR of type MISC
[WARNING]:05/09/2019 11:25:40:COFITAGE_base Dropping channel Snore_DR of type MISC
[WARNING]:05/09/2019 11:25:40:COFITAGE_base Dropping channel Activity_DR of type MISC
[WARNING]:05/09/2019 11:25:40:COFITAGE_base Dropping channel Elevation_DR of type MISC
[WARNING]:05/09/2019 11:25:40:COFITAGE_base Dropping channel Position_DR of type MISC
[WARNING]:05/09/2019 11:25:40:COFITAGE_base Dropping channel Phase_DR of type MISC
[WARNING]:05/09/2019 11:25:40:COFITAGE_base Dropping channel RMI_DR of type MISC
[WARNING]:05/09/2019 11:25:40:COFITAGE_base Dropping channel RR_DR of type MISC
[WARNING]:05/09/2019 11:25:40:COFITAGE_base Dropping channel XSum_DR of type MISC
[WARNING]:05/09/2019 11:25:40:COFITAGE_base Dropping channel Tidal Volume_DR of type MISC
[WARNING]:05/09/2019 11:25:40:COFITAGE_base Dropping channel XFlow_DR of type MISC
[INFO   ]:05/09/2019 11:25:40:root Duration: 7:59:57.144168
[INFO   ]:05/09/2019 11:25:40:root Reading events info
[INFO   ]:05/09/2019 11:25:45:COFITAGE_base Running EventsEP
[ERROR  ]:05/09/2019 11:25:45:COFITAGE_base Multiple LIGHTS events found
[ERROR  ]:05/09/2019 11:25:45:root File "../eegBidsCreator//eegBidsCreator.py", line 410 in main:
[ERROR  ]:05/09/2019 11:25:45:root Exception: Plugin EventsEP returned code 2
[INFO   ]:05/09/2019 11:25:45:root Command: '../eegBidsCreator//eegBidsCreator.py' '-c' 'Configuration/EEGBIDS_COFITAGE.ini' '-o' '/Storage/beliy/COFITAGE/Public/bids-examples/eeg_cofitage/' '-q' '--logfile' '/Storage/beliy/COFITAGE/Public/Log//bcda5c9b-d8a2-4987-93e6-5e585cf78f5f.log' '--log' 'INFO' '/Storage/beliy/COFITAGE/Public/Emb//bcda5c9b-d8a2-4987-93e6-5e585cf78f5f/' '--conversion' 'BV'
[INFO   ]:05/09/2019 11:25:45:root >>>>>>>>>>>>>>>>>>>>>>
[INFO   ]:05/09/2019 11:25:45:root Took 5.683622735 seconds
[INFO   ]:05/09/2019 11:25:45:root <<<<<<<<<<<<<<<<<<<<<<
