[INFO   ]:05/09/2019 11:20:47:root Loading module COFITAGE_base from Plugins/COFITAGE_base.py
[INFO   ]:05/09/2019 11:20:47:root >>>>>>>>>>>>>>>>>>>>>>
[INFO   ]:05/09/2019 11:20:47:root Starting new bidsifier
[INFO   ]:05/09/2019 11:20:47:root <<<<<<<<<<<<<<<<<<<<<<
[INFO   ]:05/09/2019 11:20:47:root File: /Storage/beliy/COFITAGE/Public/Emb/3706999b-8be6-4f7c-9efc-0fb5f509e1d1/
[INFO   ]:05/09/2019 11:20:47:DataStructure.Embla.Record Detected Embla format
[INFO   ]:05/09/2019 11:20:47:DataStructure.Generic.Record Output will be found at '/Storage/beliy/COFITAGE/Public/bids-examples/eeg_cofitage'
[WARNING]:05/09/2019 11:20:47:DataStructure.BIDS.BIDS subject label 'COF128_HN_21062018_T21022018' contains illegal characters. Dataset will not be BIDS coplient
[INFO   ]:05/09/2019 11:20:47:COFITAGE_base Running RecordingEP
[INFO   ]:05/09/2019 11:20:47:DataStructure.Generic.Record JSON File: /home/beliy/Works/COFITAGE/JSON/COF_HN.json
[INFO   ]:05/09/2019 11:20:47:root Patient Id: COF128
[INFO   ]:05/09/2019 11:20:47:root Session Id: 
[INFO   ]:05/09/2019 11:20:47:root Task    Id: HN
[INFO   ]:05/09/2019 11:20:47:root Acq     Id: T0048
[INFO   ]:05/09/2019 11:20:47:DataStructure.BIDS.BIDS ID locked. Inner directory is 'sub-COF128//'
[INFO   ]:05/09/2019 11:20:47:tools.tools Creating directory /Storage/beliy/COFITAGE/Public/bids-examples/eeg_cofitage/sub-COF128/eeg/
[INFO   ]:05/09/2019 11:20:47:root Reading channels
[WARNING]:05/09/2019 11:20:47:EmblaChannel Channel uses calibration function '(1/0.1583712)*x'. Actually only linear calibrations are supported. If function is not linear, retrieved values will be incorrect.
[WARNING]:05/09/2019 11:20:47:EmblaChannel Channel uses calibration function '(1/0.1583712)*x'. Actually only linear calibrations are supported. If function is not linear, retrieved values will be incorrect.
[WARNING]:05/09/2019 11:20:47:EmblaChannel Channel uses calibration function '(1/6.0429e-2)*x'. Actually only linear calibrations are supported. If function is not linear, retrieved values will be incorrect.
[INFO   ]:05/09/2019 11:20:47:COFITAGE_base Running ChannelsEP
[WARNING]:05/09/2019 11:20:47:COFITAGE_base Dropping channel Flattening of type MISC
[WARNING]:05/09/2019 11:20:47:COFITAGE_base Dropping channel Light_BU of type MISC
[WARNING]:05/09/2019 11:20:47:COFITAGE_base Dropping channel Nasal Pressure of type MISC
[WARNING]:05/09/2019 11:20:47:COFITAGE_base Dropping channel Snoring Sensor of type MISC
[WARNING]:05/09/2019 11:20:47:COFITAGE_base Dropping channel Thorax of type MISC
[WARNING]:05/09/2019 11:20:47:COFITAGE_base Dropping channel Abdomen of type MISC
[WARNING]:05/09/2019 11:20:47:COFITAGE_base Dropping channel Gravity X of type MISC
[WARNING]:05/09/2019 11:20:47:COFITAGE_base Dropping channel Gravity Y of type MISC
[WARNING]:05/09/2019 11:20:47:COFITAGE_base Dropping channel Plethysmogram of type MISC
[WARNING]:05/09/2019 11:20:47:COFITAGE_base Dropping channel Pulse of type MISC
[WARNING]:05/09/2019 11:20:47:COFITAGE_base Dropping channel RD-Quality of type MISC
[WARNING]:05/09/2019 11:20:47:COFITAGE_base Dropping channel SpO2 of type MISC
[WARNING]:05/09/2019 11:20:47:COFITAGE_base Dropping channel SpO2 BB of type MISC
[WARNING]:05/09/2019 11:20:47:COFITAGE_base Dropping channel Light_MD of type MISC
[WARNING]:05/09/2019 11:20:47:COFITAGE_base Dropping channel Heart Rate_DR of type MISC
[WARNING]:05/09/2019 11:20:47:COFITAGE_base Dropping channel SpO2-Quality_DR of type MISC
[WARNING]:05/09/2019 11:20:47:COFITAGE_base Dropping channel Flow_DR of type MISC
[WARNING]:05/09/2019 11:20:47:COFITAGE_base Dropping channel Snore_DR of type MISC
[WARNING]:05/09/2019 11:20:47:COFITAGE_base Dropping channel Activity_DR of type MISC
[WARNING]:05/09/2019 11:20:47:COFITAGE_base Dropping channel Elevation_DR of type MISC
[WARNING]:05/09/2019 11:20:47:COFITAGE_base Dropping channel Position_DR of type MISC
[WARNING]:05/09/2019 11:20:47:COFITAGE_base Dropping channel Phase_DR of type MISC
[WARNING]:05/09/2019 11:20:47:COFITAGE_base Dropping channel RMI_DR of type MISC
[WARNING]:05/09/2019 11:20:47:COFITAGE_base Dropping channel RR_DR of type MISC
[WARNING]:05/09/2019 11:20:47:COFITAGE_base Dropping channel XSum_DR of type MISC
[WARNING]:05/09/2019 11:20:47:COFITAGE_base Dropping channel Tidal Volume_DR of type MISC
[WARNING]:05/09/2019 11:20:47:COFITAGE_base Dropping channel XFlow_DR of type MISC
[INFO   ]:05/09/2019 11:20:47:root Duration: 7:41:54.584813
[INFO   ]:05/09/2019 11:20:47:root Reading events info
[INFO   ]:05/09/2019 11:20:50:COFITAGE_base Running EventsEP
[INFO   ]:05/09/2019 11:20:50:root JSON: Missing next recomennded fields: ['InstitutionName', 'InstitutionAddress', 'CogAtlasID', 'CogPOID', 'TriggerChannelCount', 'EpochLenght', 'HeadCircumference']
[INFO   ]:05/09/2019 11:20:50:DataStructure.Generic.Record Creating eeg.json file
[INFO   ]:05/09/2019 11:20:50:root Creating channels.tsv file
[INFO   ]:05/09/2019 11:20:50:root Creating events.tsv file
[INFO   ]:05/09/2019 11:20:50:root Converting to BrainVision format
[INFO   ]:05/09/2019 11:20:50:root Creating eeg.vhdr header file
[INFO   ]:05/09/2019 11:20:50:root Creating eeg.vmrk markers file
[INFO   ]:05/09/2019 11:20:50:root Writting proper events
[INFO   ]:05/09/2019 11:20:50:root Creating eeg data file
[INFO   ]:05/09/2019 11:20:50:root Timepoint 1: Duration 6:28:43
[INFO   ]:05/09/2019 11:21:18:root Timepoint 2: Duration 1:13:13
[WARNING]:05/09/2019 11:21:24:root BIDS requires 'dataset_description.json' file in output folder.
[WARNING]:05/09/2019 11:21:24:root BIDS recommends 'README' file in output folder.
[INFO   ]:05/09/2019 11:21:24:root Copying plugin file to code/
[INFO   ]:05/09/2019 11:21:24:root >>>>>>>>>>>>>>>>>>>>>>
[INFO   ]:05/09/2019 11:21:24:root Took 37.261797207 seconds
[INFO   ]:05/09/2019 11:21:24:root <<<<<<<<<<<<<<<<<<<<<<
