[INFO   ]:05/09/2019 11:23:22:root Loading module COFITAGE_base from Plugins/COFITAGE_base.py
[INFO   ]:05/09/2019 11:23:22:root >>>>>>>>>>>>>>>>>>>>>>
[INFO   ]:05/09/2019 11:23:22:root Starting new bidsifier
[INFO   ]:05/09/2019 11:23:22:root <<<<<<<<<<<<<<<<<<<<<<
[INFO   ]:05/09/2019 11:23:22:root File: /Storage/beliy/COFITAGE/Public/Emb/81197b98-391c-442d-ad4d-3fc70134374f/
[INFO   ]:05/09/2019 11:23:22:DataStructure.Embla.Record Detected Embla format
[INFO   ]:05/09/2019 11:23:22:DataStructure.Generic.Record Output will be found at '/Storage/beliy/COFITAGE/Public/bids-examples/eeg_cofitage'
[WARNING]:05/09/2019 11:23:22:DataStructure.Embla.Record No .esedb files containing events found. Event list will be empty.
[WARNING]:05/09/2019 11:23:22:DataStructure.BIDS.BIDS subject label 'COF127_HN_24102018_T215100' contains illegal characters. Dataset will not be BIDS coplient
[INFO   ]:05/09/2019 11:23:22:COFITAGE_base Running RecordingEP
[WARNING]:05/09/2019 11:23:22:COFITAGE_base Unable to get start time from record
[INFO   ]:05/09/2019 11:23:22:DataStructure.Generic.Record JSON File: /home/beliy/Works/COFITAGE/JSON/COF_HN.json
[INFO   ]:05/09/2019 11:23:22:root Patient Id: COF127
[INFO   ]:05/09/2019 11:23:22:root Session Id: 
[INFO   ]:05/09/2019 11:23:22:root Task    Id: HN
[INFO   ]:05/09/2019 11:23:22:root Acq     Id: T215100
[INFO   ]:05/09/2019 11:23:22:DataStructure.BIDS.BIDS ID locked. Inner directory is 'sub-COF127//'
[INFO   ]:05/09/2019 11:23:22:tools.tools Creating directory /Storage/beliy/COFITAGE/Public/bids-examples/eeg_cofitage/sub-COF127/eeg/
[WARNING]:05/09/2019 11:23:22:root Unable to get StartTime of record. Will be set to first data point.
[WARNING]:05/09/2019 11:23:22:root Unable to get EndTime of record. Will be set to last data point.
[INFO   ]:05/09/2019 11:23:22:root Reading channels
[WARNING]:05/09/2019 11:23:22:EmblaChannel Unknown data type
[WARNING]:05/09/2019 11:23:22:EmblaChannel In file "/Storage/beliy/COFITAGE/Public/Emb/81197b98-391c-442d-ad4d-3fc70134374f/Gravity Y.ebm" at 2185
[WARNING]:05/09/2019 11:23:22:EmblaChannel Readed 0 bytes, 4294967295 expected. File seems to be corrupted
[WARNING]:05/09/2019 11:23:22:EmblaChannel Channel uses calibration function '(1/0.1583712)*x'. Actually only linear calibrations are supported. If function is not linear, retrieved values will be incorrect.
[WARNING]:05/09/2019 11:23:22:EmblaChannel Unknown data type
[WARNING]:05/09/2019 11:23:22:EmblaChannel In file "/Storage/beliy/COFITAGE/Public/Emb/81197b98-391c-442d-ad4d-3fc70134374f/Right Leg.ebm" at 7165
[WARNING]:05/09/2019 11:23:22:EmblaChannel Readed 0 bytes, 4294967295 expected. File seems to be corrupted
[WARNING]:05/09/2019 11:23:22:EmblaChannel Unknown data type
[WARNING]:05/09/2019 11:23:22:EmblaChannel In file "/Storage/beliy/COFITAGE/Public/Emb/81197b98-391c-442d-ad4d-3fc70134374f/Activity_DR.ebm" at 2185
[WARNING]:05/09/2019 11:23:22:EmblaChannel Readed 0 bytes, 4294967295 expected. File seems to be corrupted
[WARNING]:05/09/2019 11:23:22:EmblaChannel Unknown data type
[WARNING]:05/09/2019 11:23:22:EmblaChannel In file "/Storage/beliy/COFITAGE/Public/Emb/81197b98-391c-442d-ad4d-3fc70134374f/EKG.ebm" at 7185
[WARNING]:05/09/2019 11:23:22:EmblaChannel Readed 0 bytes, 4294967295 expected. File seems to be corrupted
[WARNING]:05/09/2019 11:23:22:EmblaChannel Unknown data type
[WARNING]:05/09/2019 11:23:22:EmblaChannel In file "/Storage/beliy/COFITAGE/Public/Emb/81197b98-391c-442d-ad4d-3fc70134374f/M2.ebm" at 7165
[WARNING]:05/09/2019 11:23:22:EmblaChannel Readed 0 bytes, 4294967295 expected. File seems to be corrupted
[WARNING]:05/09/2019 11:23:22:EmblaChannel Unknown data type
[WARNING]:05/09/2019 11:23:22:EmblaChannel In file "/Storage/beliy/COFITAGE/Public/Emb/81197b98-391c-442d-ad4d-3fc70134374f/Snoring Sensor.ebm" at 7199
[WARNING]:05/09/2019 11:23:22:EmblaChannel Readed 0 bytes, 4294967295 expected. File seems to be corrupted
[WARNING]:05/09/2019 11:23:22:EmblaChannel Unknown data type
[WARNING]:05/09/2019 11:23:22:EmblaChannel In file "/Storage/beliy/COFITAGE/Public/Emb/81197b98-391c-442d-ad4d-3fc70134374f/REF.ebm" at 7165
[WARNING]:05/09/2019 11:23:22:EmblaChannel Readed 0 bytes, 4294967295 expected. File seems to be corrupted
[WARNING]:05/09/2019 11:23:22:EmblaChannel Unknown data type
[WARNING]:05/09/2019 11:23:22:EmblaChannel In file "/Storage/beliy/COFITAGE/Public/Emb/81197b98-391c-442d-ad4d-3fc70134374f/Left Leg.ebm" at 7165
[WARNING]:05/09/2019 11:23:22:EmblaChannel Readed 0 bytes, 4294967295 expected. File seems to be corrupted
[WARNING]:05/09/2019 11:23:22:EmblaChannel Unknown data type
[WARNING]:05/09/2019 11:23:22:EmblaChannel In file "/Storage/beliy/COFITAGE/Public/Emb/81197b98-391c-442d-ad4d-3fc70134374f/Pulse.ebm" at 2185
[WARNING]:05/09/2019 11:23:22:EmblaChannel Readed 0 bytes, 4294967295 expected. File seems to be corrupted
[WARNING]:05/09/2019 11:23:22:EmblaChannel Unknown data type
[WARNING]:05/09/2019 11:23:22:EmblaChannel In file "/Storage/beliy/COFITAGE/Public/Emb/81197b98-391c-442d-ad4d-3fc70134374f/Fz.ebm" at 7165
[WARNING]:05/09/2019 11:23:22:EmblaChannel Readed 0 bytes, 4294967295 expected. File seems to be corrupted
[WARNING]:05/09/2019 11:23:22:EmblaChannel Unknown data type
[WARNING]:05/09/2019 11:23:22:EmblaChannel In file "/Storage/beliy/COFITAGE/Public/Emb/81197b98-391c-442d-ad4d-3fc70134374f/Plethysmogram.ebm" at 4561
[WARNING]:05/09/2019 11:23:22:EmblaChannel Readed 0 bytes, 4294967295 expected. File seems to be corrupted
[WARNING]:05/09/2019 11:23:22:EmblaChannel Unknown data type
[WARNING]:05/09/2019 11:23:22:EmblaChannel In file "/Storage/beliy/COFITAGE/Public/Emb/81197b98-391c-442d-ad4d-3fc70134374f/RMI_DR.ebm" at 2741
[WARNING]:05/09/2019 11:23:22:EmblaChannel Readed 0 bytes, 4294967295 expected. File seems to be corrupted
[WARNING]:05/09/2019 11:23:22:EmblaChannel Unknown data type
[WARNING]:05/09/2019 11:23:22:EmblaChannel In file "/Storage/beliy/COFITAGE/Public/Emb/81197b98-391c-442d-ad4d-3fc70134374f/SpO2-Quality_DR.ebm" at 2185
[WARNING]:05/09/2019 11:23:22:EmblaChannel Readed 0 bytes, 4294967295 expected. File seems to be corrupted
[WARNING]:05/09/2019 11:23:22:EmblaChannel Unknown data type
[WARNING]:05/09/2019 11:23:22:EmblaChannel In file "/Storage/beliy/COFITAGE/Public/Emb/81197b98-391c-442d-ad4d-3fc70134374f/E1.ebm" at 7165
[WARNING]:05/09/2019 11:23:22:EmblaChannel Readed 0 bytes, 4294967295 expected. File seems to be corrupted
[WARNING]:05/09/2019 11:23:22:EmblaChannel Unknown data type
[WARNING]:05/09/2019 11:23:22:EmblaChannel In file "/Storage/beliy/COFITAGE/Public/Emb/81197b98-391c-442d-ad4d-3fc70134374f/Tidal Volume_DR.ebm" at 2319
[WARNING]:05/09/2019 11:23:22:EmblaChannel Readed 0 bytes, 4294967295 expected. File seems to be corrupted
[WARNING]:05/09/2019 11:23:22:EmblaChannel Unknown data type
[WARNING]:05/09/2019 11:23:22:EmblaChannel In file "/Storage/beliy/COFITAGE/Public/Emb/81197b98-391c-442d-ad4d-3fc70134374f/Light_BU.ebm" at 2075
[WARNING]:05/09/2019 11:23:22:EmblaChannel Readed 0 bytes, 4294967295 expected. File seems to be corrupted
[WARNING]:05/09/2019 11:23:22:EmblaChannel Unknown data type
[WARNING]:05/09/2019 11:23:22:EmblaChannel In file "/Storage/beliy/COFITAGE/Public/Emb/81197b98-391c-442d-ad4d-3fc70134374f/Elevation_DR.ebm" at 2185
[WARNING]:05/09/2019 11:23:22:EmblaChannel Readed 0 bytes, 4294967295 expected. File seems to be corrupted
[WARNING]:05/09/2019 11:23:22:EmblaChannel Unknown data type
[WARNING]:05/09/2019 11:23:22:EmblaChannel In file "/Storage/beliy/COFITAGE/Public/Emb/81197b98-391c-442d-ad4d-3fc70134374f/Light_MD.ebm" at 2043
[WARNING]:05/09/2019 11:23:22:EmblaChannel Readed 0 bytes, 4294967295 expected. File seems to be corrupted
[WARNING]:05/09/2019 11:23:22:EmblaChannel Unknown data type
[WARNING]:05/09/2019 11:23:22:EmblaChannel In file "/Storage/beliy/COFITAGE/Public/Emb/81197b98-391c-442d-ad4d-3fc70134374f/Abdomen.ebm" at 3241
[WARNING]:05/09/2019 11:23:22:EmblaChannel Readed 0 bytes, 4294967295 expected. File seems to be corrupted
[WARNING]:05/09/2019 11:23:22:EmblaChannel Unknown data type
[WARNING]:05/09/2019 11:23:22:EmblaChannel In file "/Storage/beliy/COFITAGE/Public/Emb/81197b98-391c-442d-ad4d-3fc70134374f/Thorax.ebm" at 3241
[WARNING]:05/09/2019 11:23:22:EmblaChannel Readed 0 bytes, 4294967295 expected. File seems to be corrupted
[WARNING]:05/09/2019 11:23:22:EmblaChannel Unknown data type
[WARNING]:05/09/2019 11:23:22:EmblaChannel In file "/Storage/beliy/COFITAGE/Public/Emb/81197b98-391c-442d-ad4d-3fc70134374f/XSum_DR.ebm" at 2741
[WARNING]:05/09/2019 11:23:22:EmblaChannel Readed 0 bytes, 4294967295 expected. File seems to be corrupted
[WARNING]:05/09/2019 11:23:22:EmblaChannel Unknown data type
[WARNING]:05/09/2019 11:23:22:EmblaChannel In file "/Storage/beliy/COFITAGE/Public/Emb/81197b98-391c-442d-ad4d-3fc70134374f/Gravity X.ebm" at 2185
[WARNING]:05/09/2019 11:23:22:EmblaChannel Readed 0 bytes, 4294967295 expected. File seems to be corrupted
[WARNING]:05/09/2019 11:23:22:EmblaChannel Channel uses calibration function '(1/0.1583712)*x'. Actually only linear calibrations are supported. If function is not linear, retrieved values will be incorrect.
[WARNING]:05/09/2019 11:23:22:EmblaChannel Unknown data type
[WARNING]:05/09/2019 11:23:22:EmblaChannel In file "/Storage/beliy/COFITAGE/Public/Emb/81197b98-391c-442d-ad4d-3fc70134374f/Nasal Pressure.ebm" at 7199
[WARNING]:05/09/2019 11:23:22:EmblaChannel Readed 0 bytes, 4294967295 expected. File seems to be corrupted
[WARNING]:05/09/2019 11:23:22:EmblaChannel Channel uses calibration function '(1/6.0429e-2)*x'. Actually only linear calibrations are supported. If function is not linear, retrieved values will be incorrect.
[WARNING]:05/09/2019 11:23:22:EmblaChannel Unknown data type
[WARNING]:05/09/2019 11:23:22:EmblaChannel In file "/Storage/beliy/COFITAGE/Public/Emb/81197b98-391c-442d-ad4d-3fc70134374f/SpO2.ebm" at 2185
[WARNING]:05/09/2019 11:23:22:EmblaChannel Readed 0 bytes, 4294967295 expected. File seems to be corrupted
[WARNING]:05/09/2019 11:23:22:EmblaChannel Unknown data type
[WARNING]:05/09/2019 11:23:22:EmblaChannel In file "/Storage/beliy/COFITAGE/Public/Emb/81197b98-391c-442d-ad4d-3fc70134374f/Pz.ebm" at 7165
[WARNING]:05/09/2019 11:23:22:EmblaChannel Readed 0 bytes, 4294967295 expected. File seems to be corrupted
[WARNING]:05/09/2019 11:23:22:EmblaChannel Unknown data type
[WARNING]:05/09/2019 11:23:22:EmblaChannel In file "/Storage/beliy/COFITAGE/Public/Emb/81197b98-391c-442d-ad4d-3fc70134374f/Snore_DR.ebm" at 7199
[WARNING]:05/09/2019 11:23:22:EmblaChannel Readed 0 bytes, 4294967295 expected. File seems to be corrupted
[WARNING]:05/09/2019 11:23:22:EmblaChannel Unknown data type
[WARNING]:05/09/2019 11:23:22:EmblaChannel In file "/Storage/beliy/COFITAGE/Public/Emb/81197b98-391c-442d-ad4d-3fc70134374f/Chin EMG.ebm" at 7165
[WARNING]:05/09/2019 11:23:22:EmblaChannel Readed 0 bytes, 4294967295 expected. File seems to be corrupted
[WARNING]:05/09/2019 11:23:22:EmblaChannel Unknown data type
[WARNING]:05/09/2019 11:23:22:EmblaChannel In file "/Storage/beliy/COFITAGE/Public/Emb/81197b98-391c-442d-ad4d-3fc70134374f/RR_DR.ebm" at 1921
[WARNING]:05/09/2019 11:23:22:EmblaChannel Readed 0 bytes, 4294967295 expected. File seems to be corrupted
[WARNING]:05/09/2019 11:23:22:EmblaChannel Unknown data type
[WARNING]:05/09/2019 11:23:22:EmblaChannel In file "/Storage/beliy/COFITAGE/Public/Emb/81197b98-391c-442d-ad4d-3fc70134374f/Phase_DR.ebm" at 2741
[WARNING]:05/09/2019 11:23:22:EmblaChannel Readed 0 bytes, 4294967295 expected. File seems to be corrupted
[WARNING]:05/09/2019 11:23:22:EmblaChannel Unknown data type
[WARNING]:05/09/2019 11:23:22:EmblaChannel In file "/Storage/beliy/COFITAGE/Public/Emb/81197b98-391c-442d-ad4d-3fc70134374f/Oz.ebm" at 7165
[WARNING]:05/09/2019 11:23:22:EmblaChannel Readed 0 bytes, 4294967295 expected. File seems to be corrupted
[WARNING]:05/09/2019 11:23:22:EmblaChannel Unknown data type
[WARNING]:05/09/2019 11:23:22:EmblaChannel In file "/Storage/beliy/COFITAGE/Public/Emb/81197b98-391c-442d-ad4d-3fc70134374f/M1.ebm" at 7165
[WARNING]:05/09/2019 11:23:22:EmblaChannel Readed 0 bytes, 4294967295 expected. File seems to be corrupted
[WARNING]:05/09/2019 11:23:22:EmblaChannel Unknown data type
[WARNING]:05/09/2019 11:23:22:EmblaChannel In file "/Storage/beliy/COFITAGE/Public/Emb/81197b98-391c-442d-ad4d-3fc70134374f/Cz.ebm" at 7165
[WARNING]:05/09/2019 11:23:22:EmblaChannel Readed 0 bytes, 4294967295 expected. File seems to be corrupted
[WARNING]:05/09/2019 11:23:22:EmblaChannel Unknown data type
[WARNING]:05/09/2019 11:23:22:EmblaChannel In file "/Storage/beliy/COFITAGE/Public/Emb/81197b98-391c-442d-ad4d-3fc70134374f/Position_DR.ebm" at 2185
[WARNING]:05/09/2019 11:23:22:EmblaChannel Readed 0 bytes, 4294967295 expected. File seems to be corrupted
[WARNING]:05/09/2019 11:23:22:EmblaChannel Unknown data type
[WARNING]:05/09/2019 11:23:22:EmblaChannel In file "/Storage/beliy/COFITAGE/Public/Emb/81197b98-391c-442d-ad4d-3fc70134374f/SpO2 BB.ebm" at 2185
[WARNING]:05/09/2019 11:23:22:EmblaChannel Readed 0 bytes, 4294967295 expected. File seems to be corrupted
[WARNING]:05/09/2019 11:23:22:EmblaChannel Unknown data type
[WARNING]:05/09/2019 11:23:22:EmblaChannel In file "/Storage/beliy/COFITAGE/Public/Emb/81197b98-391c-442d-ad4d-3fc70134374f/RD-Quality.ebm" at 4561
[WARNING]:05/09/2019 11:23:22:EmblaChannel Readed 0 bytes, 4294967295 expected. File seems to be corrupted
[WARNING]:05/09/2019 11:23:22:EmblaChannel Unknown data type
[WARNING]:05/09/2019 11:23:22:EmblaChannel In file "/Storage/beliy/COFITAGE/Public/Emb/81197b98-391c-442d-ad4d-3fc70134374f/E2.ebm" at 7165
[WARNING]:05/09/2019 11:23:22:EmblaChannel Readed 0 bytes, 4294967295 expected. File seems to be corrupted
[WARNING]:05/09/2019 11:23:22:EmblaChannel Unknown data type
[WARNING]:05/09/2019 11:23:22:EmblaChannel In file "/Storage/beliy/COFITAGE/Public/Emb/81197b98-391c-442d-ad4d-3fc70134374f/C3.ebm" at 7165
[WARNING]:05/09/2019 11:23:22:EmblaChannel Readed 0 bytes, 4294967295 expected. File seems to be corrupted
[WARNING]:05/09/2019 11:23:22:EmblaChannel Unknown data type
[WARNING]:05/09/2019 11:23:22:EmblaChannel In file "/Storage/beliy/COFITAGE/Public/Emb/81197b98-391c-442d-ad4d-3fc70134374f/Heart Rate_DR.ebm" at 1953
[WARNING]:05/09/2019 11:23:22:EmblaChannel Readed 0 bytes, 4294967295 expected. File seems to be corrupted
[WARNING]:05/09/2019 11:23:22:EmblaChannel Unknown data type
[WARNING]:05/09/2019 11:23:22:EmblaChannel In file "/Storage/beliy/COFITAGE/Public/Emb/81197b98-391c-442d-ad4d-3fc70134374f/Flow_DR.ebm" at 4959
[WARNING]:05/09/2019 11:23:22:EmblaChannel Readed 0 bytes, 4294967295 expected. File seems to be corrupted
[WARNING]:05/09/2019 11:23:22:EmblaChannel Unknown data type
[WARNING]:05/09/2019 11:23:22:EmblaChannel In file "/Storage/beliy/COFITAGE/Public/Emb/81197b98-391c-442d-ad4d-3fc70134374f/XFlow_DR.ebm" at 2641
[WARNING]:05/09/2019 11:23:22:EmblaChannel Readed 0 bytes, 4294967295 expected. File seems to be corrupted
[INFO   ]:05/09/2019 11:23:22:COFITAGE_base Running ChannelsEP
[WARNING]:05/09/2019 11:23:22:COFITAGE_base Dropping channel Light_BU of type MISC
[WARNING]:05/09/2019 11:23:22:COFITAGE_base Dropping channel Nasal Pressure of type MISC
[WARNING]:05/09/2019 11:23:22:COFITAGE_base Dropping channel Snoring Sensor of type MISC
[WARNING]:05/09/2019 11:23:22:COFITAGE_base Dropping channel Thorax of type MISC
[WARNING]:05/09/2019 11:23:22:COFITAGE_base Dropping channel Abdomen of type MISC
[WARNING]:05/09/2019 11:23:22:COFITAGE_base Dropping channel Gravity X of type MISC
[WARNING]:05/09/2019 11:23:22:COFITAGE_base Dropping channel Gravity Y of type MISC
[WARNING]:05/09/2019 11:23:22:COFITAGE_base Dropping channel Plethysmogram of type MISC
[WARNING]:05/09/2019 11:23:22:COFITAGE_base Dropping channel Pulse of type MISC
[WARNING]:05/09/2019 11:23:22:COFITAGE_base Dropping channel RD-Quality of type MISC
[WARNING]:05/09/2019 11:23:22:COFITAGE_base Dropping channel SpO2 of type MISC
[WARNING]:05/09/2019 11:23:22:COFITAGE_base Dropping channel SpO2 BB of type MISC
[WARNING]:05/09/2019 11:23:22:COFITAGE_base Dropping channel Light_MD of type MISC
[WARNING]:05/09/2019 11:23:22:COFITAGE_base Dropping channel Heart Rate_DR of type MISC
[WARNING]:05/09/2019 11:23:22:COFITAGE_base Dropping channel SpO2-Quality_DR of type MISC
[WARNING]:05/09/2019 11:23:22:COFITAGE_base Dropping channel Flow_DR of type MISC
[WARNING]:05/09/2019 11:23:22:COFITAGE_base Dropping channel Snore_DR of type MISC
[WARNING]:05/09/2019 11:23:22:COFITAGE_base Dropping channel Activity_DR of type MISC
[WARNING]:05/09/2019 11:23:22:COFITAGE_base Dropping channel Elevation_DR of type MISC
[WARNING]:05/09/2019 11:23:22:COFITAGE_base Dropping channel Position_DR of type MISC
[WARNING]:05/09/2019 11:23:22:COFITAGE_base Dropping channel Phase_DR of type MISC
[WARNING]:05/09/2019 11:23:22:COFITAGE_base Dropping channel RMI_DR of type MISC
[WARNING]:05/09/2019 11:23:22:COFITAGE_base Dropping channel RR_DR of type MISC
[WARNING]:05/09/2019 11:23:22:COFITAGE_base Dropping channel XSum_DR of type MISC
[WARNING]:05/09/2019 11:23:22:COFITAGE_base Dropping channel Tidal Volume_DR of type MISC
[WARNING]:05/09/2019 11:23:22:COFITAGE_base Dropping channel XFlow_DR of type MISC
[INFO   ]:05/09/2019 11:23:22:root Duration: 0:00:13.690000
[INFO   ]:05/09/2019 11:23:22:root Reading events info
[INFO   ]:05/09/2019 11:23:22:COFITAGE_base Running EventsEP
[ERROR  ]:05/09/2019 11:23:22:COFITAGE_base Missing LIGHTS-OFF marker
[ERROR  ]:05/09/2019 11:23:22:COFITAGE_base Missing LIGHTS-ON marker
[ERROR  ]:05/09/2019 11:23:22:root File "../eegBidsCreator//eegBidsCreator.py", line 410 in main:
[ERROR  ]:05/09/2019 11:23:22:root Exception: Plugin EventsEP returned code 1
[INFO   ]:05/09/2019 11:23:22:root Command: '../eegBidsCreator//eegBidsCreator.py' '-c' 'Configuration/EEGBIDS_COFITAGE.ini' '-o' '/Storage/beliy/COFITAGE/Public/bids-examples/eeg_cofitage/' '-q' '--logfile' '/Storage/beliy/COFITAGE/Public/Log//81197b98-391c-442d-ad4d-3fc70134374f.log' '--log' 'INFO' '/Storage/beliy/COFITAGE/Public/Emb//81197b98-391c-442d-ad4d-3fc70134374f/' '--conversion' 'BV'
[INFO   ]:05/09/2019 11:23:22:root >>>>>>>>>>>>>>>>>>>>>>
[INFO   ]:05/09/2019 11:23:22:root Took 0.793685277 seconds
[INFO   ]:05/09/2019 11:23:22:root <<<<<<<<<<<<<<<<<<<<<<
